2021-05-20 16:11:42 [scrapy.utils.log] INFO: Scrapy 2.5.0 started (bot: scrapy_app)
2021-05-20 16:11:42 [scrapy.utils.log] INFO: Versions: lxml 4.6.3.0, libxml2 2.9.5, cssselect 1.1.0, parsel 1.6.0, w3lib 1.22.0, Twisted 21.2.0, Python 3.9.1 (tags/v3.9.1:1e5d33e, Dec  7 2020, 17:08:21) [MSC v.1927 64 bit (AMD64)], pyOpenSSL 20.0.1 (OpenSSL 1.1.1k  25 Mar 2021), cryptography 3.4.7, Platform Windows-10-10.0.19041-SP0
2021-05-20 16:11:42 [scrapy.utils.log] DEBUG: Using reactor: twisted.internet.selectreactor.SelectReactor
2021-05-20 16:11:42 [scrapy.crawler] INFO: Overridden settings:
{'BOT_NAME': 'scrapy_app',
 'LOG_FILE': 'logs\\default\\toscrape-xpath\\2470200ab95c11ebb7ebd0bf9cdecfbc.log',
 'NEWSPIDER_MODULE': 'scrapy_app.spiders',
 'ROBOTSTXT_OBEY': True,
 'SPIDER_MODULES': ['scrapy_app.spiders']}
2021-05-20 16:11:42 [scrapy.extensions.telnet] INFO: Telnet Password: 0f80fa10ae3de823
2021-05-20 16:11:42 [scrapy.middleware] INFO: Enabled extensions:
['scrapy.extensions.corestats.CoreStats',
 'scrapy.extensions.telnet.TelnetConsole',
 'scrapy.extensions.logstats.LogStats']
2021-05-20 16:11:43 [scrapy.middleware] INFO: Enabled downloader middlewares:
['scrapy.downloadermiddlewares.robotstxt.RobotsTxtMiddleware',
 'scrapy.downloadermiddlewares.httpauth.HttpAuthMiddleware',
 'scrapy.downloadermiddlewares.downloadtimeout.DownloadTimeoutMiddleware',
 'scrapy.downloadermiddlewares.defaultheaders.DefaultHeadersMiddleware',
 'scrapy.downloadermiddlewares.useragent.UserAgentMiddleware',
 'scrapy.downloadermiddlewares.retry.RetryMiddleware',
 'scrapy.downloadermiddlewares.redirect.MetaRefreshMiddleware',
 'scrapy.downloadermiddlewares.httpcompression.HttpCompressionMiddleware',
 'scrapy.downloadermiddlewares.redirect.RedirectMiddleware',
 'scrapy.downloadermiddlewares.cookies.CookiesMiddleware',
 'scrapy.downloadermiddlewares.httpproxy.HttpProxyMiddleware',
 'scrapy.downloadermiddlewares.stats.DownloaderStats']
2021-05-20 16:11:43 [scrapy.middleware] INFO: Enabled spider middlewares:
['scrapy.spidermiddlewares.httperror.HttpErrorMiddleware',
 'scrapy.spidermiddlewares.offsite.OffsiteMiddleware',
 'scrapy.spidermiddlewares.referer.RefererMiddleware',
 'scrapy.spidermiddlewares.urllength.UrlLengthMiddleware',
 'scrapy.spidermiddlewares.depth.DepthMiddleware']
2021-05-20 16:11:43 [scrapy.middleware] INFO: Enabled item pipelines:
['scrapy_app.pipelines.ScrapyAppPipeline']
2021-05-20 16:11:43 [scrapy.core.engine] INFO: Spider opened
2021-05-20 16:11:43 [scrapy.extensions.logstats] INFO: Crawled 0 pages (at 0 pages/min), scraped 0 items (at 0 items/min)
2021-05-20 16:11:43 [scrapy.extensions.telnet] INFO: Telnet console listening on 127.0.0.1:6023
2021-05-20 16:11:43 [scrapy.downloadermiddlewares.retry] DEBUG: Retrying <GET http://quotes.toscrape.com/robots.txt> (failed 1 times): DNS lookup failed: no results for hostname lookup: quotes.toscrape.com.
2021-05-20 16:11:43 [scrapy.downloadermiddlewares.retry] DEBUG: Retrying <GET http://quotes.toscrape.com/robots.txt> (failed 2 times): DNS lookup failed: no results for hostname lookup: quotes.toscrape.com.
2021-05-20 16:11:43 [scrapy.downloadermiddlewares.retry] ERROR: Gave up retrying <GET http://quotes.toscrape.com/robots.txt> (failed 3 times): DNS lookup failed: no results for hostname lookup: quotes.toscrape.com.
2021-05-20 16:11:43 [scrapy.downloadermiddlewares.robotstxt] ERROR: Error downloading <GET http://quotes.toscrape.com/robots.txt>: DNS lookup failed: no results for hostname lookup: quotes.toscrape.com.
Traceback (most recent call last):
  File "c:\users\joinf\desktop\scrapyd-django-template\virtual\lib\site-packages\twisted\internet\defer.py", line 1443, in _inlineCallbacks
    result = current_context.run(result.throwExceptionIntoGenerator, g)
  File "c:\users\joinf\desktop\scrapyd-django-template\virtual\lib\site-packages\twisted\python\failure.py", line 500, in throwExceptionIntoGenerator
    return g.throw(self.type, self.value, self.tb)
  File "c:\users\joinf\desktop\scrapyd-django-template\virtual\lib\site-packages\scrapy\core\downloader\middleware.py", line 44, in process_request
    return (yield download_func(request=request, spider=spider))
  File "c:\users\joinf\desktop\scrapyd-django-template\virtual\lib\site-packages\twisted\internet\defer.py", line 662, in _runCallbacks
    current.result = callback(current.result, *args, **kw)
  File "c:\users\joinf\desktop\scrapyd-django-template\virtual\lib\site-packages\twisted\internet\endpoints.py", line 1024, in startConnectionAttempts
    raise error.DNSLookupError(
twisted.internet.error.DNSLookupError: DNS lookup failed: no results for hostname lookup: quotes.toscrape.com.
2021-05-20 16:11:43 [scrapy.downloadermiddlewares.retry] DEBUG: Retrying <GET http://quotes.toscrape.com/> (failed 1 times): DNS lookup failed: no results for hostname lookup: quotes.toscrape.com.
2021-05-20 16:11:43 [scrapy.downloadermiddlewares.retry] DEBUG: Retrying <GET http://quotes.toscrape.com/> (failed 2 times): DNS lookup failed: no results for hostname lookup: quotes.toscrape.com.
2021-05-20 16:11:43 [scrapy.downloadermiddlewares.retry] ERROR: Gave up retrying <GET http://quotes.toscrape.com/> (failed 3 times): DNS lookup failed: no results for hostname lookup: quotes.toscrape.com.
2021-05-20 16:11:43 [scrapy.core.scraper] ERROR: Error downloading <GET http://quotes.toscrape.com/>
Traceback (most recent call last):
  File "c:\users\joinf\desktop\scrapyd-django-template\virtual\lib\site-packages\twisted\internet\defer.py", line 1443, in _inlineCallbacks
    result = current_context.run(result.throwExceptionIntoGenerator, g)
  File "c:\users\joinf\desktop\scrapyd-django-template\virtual\lib\site-packages\twisted\python\failure.py", line 500, in throwExceptionIntoGenerator
    return g.throw(self.type, self.value, self.tb)
  File "c:\users\joinf\desktop\scrapyd-django-template\virtual\lib\site-packages\scrapy\core\downloader\middleware.py", line 44, in process_request
    return (yield download_func(request=request, spider=spider))
  File "c:\users\joinf\desktop\scrapyd-django-template\virtual\lib\site-packages\twisted\internet\defer.py", line 662, in _runCallbacks
    current.result = callback(current.result, *args, **kw)
  File "c:\users\joinf\desktop\scrapyd-django-template\virtual\lib\site-packages\twisted\internet\endpoints.py", line 1024, in startConnectionAttempts
    raise error.DNSLookupError(
twisted.internet.error.DNSLookupError: DNS lookup failed: no results for hostname lookup: quotes.toscrape.com.
2021-05-20 16:11:43 [scrapy.core.engine] INFO: Closing spider (finished)
2021-05-20 16:11:43 [scrapy.statscollectors] INFO: Dumping Scrapy stats:
{'downloader/exception_count': 6,
 'downloader/exception_type_count/twisted.internet.error.DNSLookupError': 6,
 'downloader/request_bytes': 1344,
 'downloader/request_count': 6,
 'downloader/request_method_count/GET': 6,
 'elapsed_time_seconds': 0.32266,
 'finish_reason': 'finished',
 'finish_time': datetime.datetime(2021, 5, 20, 11, 11, 43, 381583),
 'log_count/DEBUG': 4,
 'log_count/ERROR': 4,
 'log_count/INFO': 10,
 'retry/count': 4,
 'retry/max_reached': 2,
 'retry/reason_count/twisted.internet.error.DNSLookupError': 4,
 "robotstxt/exception_count/<class 'twisted.internet.error.DNSLookupError'>": 1,
 'robotstxt/request_count': 1,
 'scheduler/dequeued': 3,
 'scheduler/dequeued/memory': 3,
 'scheduler/enqueued': 3,
 'scheduler/enqueued/memory': 3,
 'start_time': datetime.datetime(2021, 5, 20, 11, 11, 43, 58923)}
2021-05-20 16:11:43 [scrapy.core.engine] INFO: Spider closed (finished)
