2021-05-23 13:31:48 [scrapy.utils.log] INFO: Scrapy 2.5.0 started (bot: scrapy_app)
2021-05-23 13:31:48 [scrapy.utils.log] INFO: Versions: lxml 4.6.3.0, libxml2 2.9.5, cssselect 1.1.0, parsel 1.6.0, w3lib 1.22.0, Twisted 21.2.0, Python 3.9.1 (tags/v3.9.1:1e5d33e, Dec  7 2020, 17:08:21) [MSC v.1927 64 bit (AMD64)], pyOpenSSL 20.0.1 (OpenSSL 1.1.1k  25 Mar 2021), cryptography 3.4.7, Platform Windows-10-10.0.19041-SP0
2021-05-23 13:31:48 [scrapy.utils.log] DEBUG: Using reactor: twisted.internet.selectreactor.SelectReactor
2021-05-23 13:31:48 [scrapy.crawler] INFO: Overridden settings:
{'BOT_NAME': 'scrapy_app',
 'LOG_FILE': 'logs\\default\\icrawler\\4e12a5aebba111ebb5e1d0bf9cdecfbc.log',
 'NEWSPIDER_MODULE': 'scrapy_app.spiders',
 'ROBOTSTXT_OBEY': True,
 'SPIDER_MODULES': ['scrapy_app.spiders']}
2021-05-23 13:31:48 [scrapy.extensions.telnet] INFO: Telnet Password: 77916f556afe12eb
2021-05-23 13:31:48 [scrapy.middleware] INFO: Enabled extensions:
['scrapy.extensions.corestats.CoreStats',
 'scrapy.extensions.telnet.TelnetConsole',
 'scrapy.extensions.logstats.LogStats']
2021-05-23 13:31:48 [scrapy.middleware] INFO: Enabled downloader middlewares:
['scrapy.downloadermiddlewares.robotstxt.RobotsTxtMiddleware',
 'scrapy.downloadermiddlewares.httpauth.HttpAuthMiddleware',
 'scrapy.downloadermiddlewares.downloadtimeout.DownloadTimeoutMiddleware',
 'scrapy.downloadermiddlewares.defaultheaders.DefaultHeadersMiddleware',
 'scrapy.downloadermiddlewares.useragent.UserAgentMiddleware',
 'scrapy.downloadermiddlewares.retry.RetryMiddleware',
 'scrapy.downloadermiddlewares.redirect.MetaRefreshMiddleware',
 'scrapy.downloadermiddlewares.httpcompression.HttpCompressionMiddleware',
 'scrapy.downloadermiddlewares.redirect.RedirectMiddleware',
 'scrapy.downloadermiddlewares.cookies.CookiesMiddleware',
 'scrapy.downloadermiddlewares.httpproxy.HttpProxyMiddleware',
 'scrapy.downloadermiddlewares.stats.DownloaderStats']
2021-05-23 13:31:48 [scrapy.middleware] INFO: Enabled spider middlewares:
['scrapy.spidermiddlewares.httperror.HttpErrorMiddleware',
 'scrapy.spidermiddlewares.offsite.OffsiteMiddleware',
 'scrapy.spidermiddlewares.referer.RefererMiddleware',
 'scrapy.spidermiddlewares.urllength.UrlLengthMiddleware',
 'scrapy.spidermiddlewares.depth.DepthMiddleware']
2021-05-23 13:31:48 [scrapy.middleware] INFO: Enabled item pipelines:
['scrapy_app.pipelines.ScrapyAppPipeline']
2021-05-23 13:31:48 [scrapy.core.engine] INFO: Spider opened
2021-05-23 13:31:48 [scrapy.extensions.logstats] INFO: Crawled 0 pages (at 0 pages/min), scraped 0 items (at 0 items/min)
2021-05-23 13:31:48 [scrapy.extensions.telnet] INFO: Telnet console listening on 127.0.0.1:6023
2021-05-23 13:31:48 [scrapy.core.engine] ERROR: Error while obtaining start requests
Traceback (most recent call last):
  File "c:\users\joinf\desktop\scrapyd-django-template\virtual\lib\site-packages\scrapy\core\engine.py", line 129, in _next_request
    request = next(slot.start_requests)
  File "c:\users\joinf\desktop\scrapyd-django-template\virtual\lib\site-packages\scrapy\spiders\__init__.py", line 77, in start_requests
    yield Request(url, dont_filter=True)
  File "c:\users\joinf\desktop\scrapyd-django-template\virtual\lib\site-packages\scrapy\http\request\__init__.py", line 25, in __init__
    self._set_url(url)
  File "c:\users\joinf\desktop\scrapyd-django-template\virtual\lib\site-packages\scrapy\http\request\__init__.py", line 63, in _set_url
    raise TypeError(f'Request url must be str or unicode, got {type(url).__name__}')
TypeError: Request url must be str or unicode, got NoneType
2021-05-23 13:31:48 [scrapy.core.engine] INFO: Closing spider (finished)
2021-05-23 13:31:48 [scrapy.statscollectors] INFO: Dumping Scrapy stats:
{'elapsed_time_seconds': 0.006024,
 'finish_reason': 'finished',
 'finish_time': datetime.datetime(2021, 5, 23, 8, 31, 48, 340115),
 'log_count/ERROR': 1,
 'log_count/INFO': 10,
 'start_time': datetime.datetime(2021, 5, 23, 8, 31, 48, 334091)}
2021-05-23 13:31:48 [scrapy.core.engine] INFO: Spider closed (finished)
